0 info it worked if it ends with ok
1 verbose cli [ 'd:\\nodejs\\node.exe',
1 verbose cli   'C:\\Users\\739647\\AppData\\Roaming\\npm\\node_modules\\npm\\bin\\npm-cli.js',
1 verbose cli   'run',
1 verbose cli   'electron-start' ]
2 info using npm@3.10.8
3 info using node@v6.7.0
4 verbose run-script [ 'preelectron-start', 'electron-start', 'postelectron-start' ]
5 info lifecycle medica-app@1.0.0~preelectron-start: medica-app@1.0.0
6 silly lifecycle medica-app@1.0.0~preelectron-start: no script for preelectron-start, continuing
7 info lifecycle medica-app@1.0.0~electron-start: medica-app@1.0.0
8 verbose lifecycle medica-app@1.0.0~electron-start: unsafe-perm in lifecycle true
9 verbose lifecycle medica-app@1.0.0~electron-start: PATH: C:\Users\739647\AppData\Roaming\npm\node_modules\npm\bin\node-gyp-bin;D:\ANGULARJS\medica-app\node_modules\.bin;C:\Ruby23\bin;D:\Software\apache-maven-3.0.4\bin;C:\ProgramData\Oracle\Java\javapath;C:\windows\system32;C:\windows;C:\windows\System32\Wbem;C:\windows\System32\WindowsPowerShell\v1.0\;C:\Progr;d:\nodejs\;C:\windows\System32\WindowsPowerShell\v1.0\;D:\Software\apache-maven-3.0.4\bin;C:\ProgramData\Oracle\Java\javapath;C:\windows\system32;C:\windows;C:\windows\System32\Wbem;C:\windows\System32\WindowsPowerShell\v1.0\;C:\Progr;D:\Software\apache-maven-3.0.4\bin;C:\ProgramData\Oracle\Java\javapath;C:\windows\system32;C:\windows;C:\windows\System32\Wbem;C:\windows\System32\WindowsPowerShell\v1.0\;C:\Progr;D:\nodejs;C:\node;D:\INSTALLED\Git\bin;D:\INSTALLED\Git\cmd;D:\piyali\node;C:\Users\739647\AppData\Roaming\npm
10 verbose lifecycle medica-app@1.0.0~electron-start: CWD: D:\ANGULARJS\medica-app
11 silly lifecycle medica-app@1.0.0~electron-start: Args: [ '/d /s /c', 'npm run build && electron dist' ]
12 silly lifecycle medica-app@1.0.0~electron-start: Returned: code: 3221225786  signal: null
13 info lifecycle medica-app@1.0.0~electron-start: Failed to exec electron-start script
14 verbose stack Error: medica-app@1.0.0 electron-start: `npm run build && electron dist`
14 verbose stack Exit status 3221225786
14 verbose stack     at EventEmitter.<anonymous> (C:\Users\739647\AppData\Roaming\npm\node_modules\npm\lib\utils\lifecycle.js:255:16)
14 verbose stack     at emitTwo (events.js:106:13)
14 verbose stack     at EventEmitter.emit (events.js:191:7)
14 verbose stack     at ChildProcess.<anonymous> (C:\Users\739647\AppData\Roaming\npm\node_modules\npm\lib\utils\spawn.js:40:14)
14 verbose stack     at emitTwo (events.js:106:13)
14 verbose stack     at ChildProcess.emit (events.js:191:7)
14 verbose stack     at maybeClose (internal/child_process.js:877:16)
14 verbose stack     at Process.ChildProcess._handle.onexit (internal/child_process.js:226:5)
15 verbose pkgid medica-app@1.0.0
16 verbose cwd D:\ANGULARJS\medica-app
17 error Windows_NT 6.1.7601
18 error argv "d:\\nodejs\\node.exe" "C:\\Users\\739647\\AppData\\Roaming\\npm\\node_modules\\npm\\bin\\npm-cli.js" "run" "electron-start"
19 error node v6.7.0
20 error npm  v3.10.8
21 error code ELIFECYCLE
22 error medica-app@1.0.0 electron-start: `npm run build && electron dist`
22 error Exit status 3221225786
23 error Failed at the medica-app@1.0.0 electron-start script 'npm run build && electron dist'.
23 error Make sure you have the latest version of node.js and npm installed.
23 error If you do, this is most likely a problem with the medica-app package,
23 error not with npm itself.
23 error Tell the author that this fails on your system:
23 error     npm run build && electron dist
23 error You can get information on how to open an issue for this project with:
23 error     npm bugs medica-app
23 error Or if that isn't available, you can get their info via:
23 error     npm owner ls medica-app
23 error There is likely additional logging output above.
24 verbose exit [ 1, true ]
